<?xml version="1.0" encoding="UTF-8"?>
<testng-results skipped="0" failed="2" ignored="0" total="4" passed="2">
  <reporter-output>
  </reporter-output>
  <suite name="Suite" duration-ms="29939" started-at="2020-02-24T23:58:41 EST" finished-at="2020-02-24T23:59:11 EST">
    <groups>
    </groups>
    <test name="Test" duration-ms="29939" started-at="2020-02-24T23:58:41 EST" finished-at="2020-02-24T23:59:11 EST">
      <class name="com.mortgagecalc.TestRefinanceClass">
        <test-method status="PASS" signature="befrotestmethod()[pri:0, instance:com.mortgagecalc.TestRefinanceClass@71bbf57e]" name="befrotestmethod" is-config="true" duration-ms="15" started-at="2020-02-24T23:58:41 EST" finished-at="2020-02-24T23:58:41 EST">
          <reporter-output>
          </reporter-output>
        </test-method> <!-- befrotestmethod -->
        <test-method status="PASS" signature="setupTest()[pri:0, instance:com.mortgagecalc.TestRefinanceClass@71bbf57e]" name="setupTest" is-config="true" duration-ms="4496" started-at="2020-02-24T23:58:59 EST" finished-at="2020-02-24T23:59:04 EST">
          <reporter-output>
          </reporter-output>
        </test-method> <!-- setupTest -->
        <test-method status="FAIL" signature="testHomeoriginalval()[pri:1, instance:com.mortgagecalc.TestRefinanceClass@71bbf57e]" name="testHomeoriginalval" duration-ms="351" started-at="2020-02-24T23:59:04 EST" finished-at="2020-02-24T23:59:04 EST">
          <exception class="org.openqa.selenium.NoSuchElementException">
            <message>
              <![CDATA[Unable to locate element: *[name='HomeValue1']
For documentation on this error, please visit: https://www.seleniumhq.org/exceptions/no_such_element.html
Build info: version: '3.141.59', revision: 'e82be7d358', time: '2018-11-14T08:17:03'
System info: host: 'DESKTOP-1NB2K1E', ip: '10.1.10.9', os.name: 'Windows 10', os.arch: 'amd64', os.version: '10.0', java.version: '1.8.0_191'
Driver info: org.openqa.selenium.firefox.FirefoxDriver
Capabilities {acceptInsecureCerts: true, browserName: firefox, browserVersion: 72.0.1, javascriptEnabled: true, moz:accessibilityChecks: false, moz:buildID: 20200107212822, moz:geckodriverVersion: 0.26.0, moz:headless: false, moz:processID: 15276, moz:profile: C:\Users\Abdel\AppData\Loca..., moz:shutdownTimeout: 60000, moz:useNonSpecCompliantPointerOrigin: false, moz:webdriverClick: true, pageLoadStrategy: normal, platform: WINDOWS, platformName: WINDOWS, platformVersion: 10.0, rotatable: false, setWindowRect: true, strictFileInteractability: false, timeouts: {implicit: 0, pageLoad: 300000, script: 30000}, unhandledPromptBehavior: dismiss and notify}
Session ID: aa1a32e3-a8ce-4404-8cbf-e265a597c648
*** Element info: {Using=name, value=HomeValue1}]]>
            </message>
            <full-stacktrace>
              <![CDATA[org.openqa.selenium.NoSuchElementException: Unable to locate element: *[name='HomeValue1']
For documentation on this error, please visit: https://www.seleniumhq.org/exceptions/no_such_element.html
Build info: version: '3.141.59', revision: 'e82be7d358', time: '2018-11-14T08:17:03'
System info: host: 'DESKTOP-1NB2K1E', ip: '10.1.10.9', os.name: 'Windows 10', os.arch: 'amd64', os.version: '10.0', java.version: '1.8.0_191'
Driver info: org.openqa.selenium.firefox.FirefoxDriver
Capabilities {acceptInsecureCerts: true, browserName: firefox, browserVersion: 72.0.1, javascriptEnabled: true, moz:accessibilityChecks: false, moz:buildID: 20200107212822, moz:geckodriverVersion: 0.26.0, moz:headless: false, moz:processID: 15276, moz:profile: C:\Users\Abdel\AppData\Loca..., moz:shutdownTimeout: 60000, moz:useNonSpecCompliantPointerOrigin: false, moz:webdriverClick: true, pageLoadStrategy: normal, platform: WINDOWS, platformName: WINDOWS, platformVersion: 10.0, rotatable: false, setWindowRect: true, strictFileInteractability: false, timeouts: {implicit: 0, pageLoad: 300000, script: 30000}, unhandledPromptBehavior: dismiss and notify}
Session ID: aa1a32e3-a8ce-4404-8cbf-e265a597c648
*** Element info: {Using=name, value=HomeValue1}
at sun.reflect.NativeConstructorAccessorImpl.newInstance0(Native Method)
at sun.reflect.NativeConstructorAccessorImpl.newInstance(NativeConstructorAccessorImpl.java:62)
at sun.reflect.DelegatingConstructorAccessorImpl.newInstance(DelegatingConstructorAccessorImpl.java:45)
at java.lang.reflect.Constructor.newInstance(Constructor.java:423)
at org.openqa.selenium.remote.http.W3CHttpResponseCodec.createException(W3CHttpResponseCodec.java:187)
at org.openqa.selenium.remote.http.W3CHttpResponseCodec.decode(W3CHttpResponseCodec.java:122)
at org.openqa.selenium.remote.http.W3CHttpResponseCodec.decode(W3CHttpResponseCodec.java:49)
at org.openqa.selenium.remote.HttpCommandExecutor.execute(HttpCommandExecutor.java:158)
at org.openqa.selenium.remote.service.DriverCommandExecutor.execute(DriverCommandExecutor.java:83)
at org.openqa.selenium.remote.RemoteWebDriver.execute(RemoteWebDriver.java:552)
at org.openqa.selenium.remote.RemoteWebDriver.findElement(RemoteWebDriver.java:323)
at org.openqa.selenium.remote.RemoteWebDriver.findElementByName(RemoteWebDriver.java:404)
at org.openqa.selenium.By$ByName.findElement(By.java:284)
at org.openqa.selenium.remote.RemoteWebDriver.findElement(RemoteWebDriver.java:315)
at Pages.Refinance.Originalhomeval(Refinance.java:10)
at com.mortgagecalc.TestRefinanceClass.testHomeoriginalval(TestRefinanceClass.java:22)
at sun.reflect.NativeMethodAccessorImpl.invoke0(Native Method)
at sun.reflect.NativeMethodAccessorImpl.invoke(NativeMethodAccessorImpl.java:62)
at sun.reflect.DelegatingMethodAccessorImpl.invoke(DelegatingMethodAccessorImpl.java:43)
at java.lang.reflect.Method.invoke(Method.java:498)
at org.testng.internal.MethodInvocationHelper.invokeMethod(MethodInvocationHelper.java:134)
at org.testng.internal.TestInvoker.invokeMethod(TestInvoker.java:597)
at org.testng.internal.TestInvoker.invokeTestMethod(TestInvoker.java:173)
at org.testng.internal.MethodRunner.runInSequence(MethodRunner.java:46)
at org.testng.internal.TestInvoker$MethodInvocationAgent.invoke(TestInvoker.java:816)
at org.testng.internal.TestInvoker.invokeTestMethods(TestInvoker.java:146)
at org.testng.internal.TestMethodWorker.invokeTestMethods(TestMethodWorker.java:146)
at org.testng.internal.TestMethodWorker.run(TestMethodWorker.java:128)
at java.util.ArrayList.forEach(ArrayList.java:1257)
at org.testng.TestRunner.privateRun(TestRunner.java:766)
at org.testng.TestRunner.run(TestRunner.java:587)
at org.testng.SuiteRunner.runTest(SuiteRunner.java:384)
at org.testng.SuiteRunner.runSequentially(SuiteRunner.java:378)
at org.testng.SuiteRunner.privateRun(SuiteRunner.java:337)
at org.testng.SuiteRunner.run(SuiteRunner.java:286)
at org.testng.SuiteRunnerWorker.runSuite(SuiteRunnerWorker.java:53)
at org.testng.SuiteRunnerWorker.run(SuiteRunnerWorker.java:96)
at org.testng.TestNG.runSuitesSequentially(TestNG.java:1187)
at org.testng.TestNG.runSuitesLocally(TestNG.java:1109)
at org.testng.TestNG.runSuites(TestNG.java:1039)
at org.testng.TestNG.run(TestNG.java:1007)
at org.testng.remote.AbstractRemoteTestNG.run(AbstractRemoteTestNG.java:115)
at org.testng.remote.RemoteTestNG.initAndRun(RemoteTestNG.java:251)
at org.testng.remote.RemoteTestNG.main(RemoteTestNG.java:77)
]]>
            </full-stacktrace>
          </exception> <!-- org.openqa.selenium.NoSuchElementException -->
          <reporter-output>
          </reporter-output>
        </test-method> <!-- testHomeoriginalval -->
        <test-method status="PASS" signature="Testcleanup()[pri:0, instance:com.mortgagecalc.TestRefinanceClass@71bbf57e]" name="Testcleanup" is-config="true" duration-ms="1122" started-at="2020-02-24T23:59:04 EST" finished-at="2020-02-24T23:59:05 EST">
          <reporter-output>
          </reporter-output>
        </test-method> <!-- Testcleanup -->
        <test-method status="PASS" signature="setupTest()[pri:0, instance:com.mortgagecalc.TestRefinanceClass@71bbf57e]" name="setupTest" is-config="true" duration-ms="3563" started-at="2020-02-24T23:59:05 EST" finished-at="2020-02-24T23:59:09 EST">
          <reporter-output>
          </reporter-output>
        </test-method> <!-- setupTest -->
        <test-method status="FAIL" signature="testHomeoriginalval1()[pri:2, instance:com.mortgagecalc.TestRefinanceClass@71bbf57e]" name="testHomeoriginalval1" duration-ms="398" started-at="2020-02-24T23:59:09 EST" finished-at="2020-02-24T23:59:09 EST">
          <exception class="org.openqa.selenium.NoSuchElementException">
            <message>
              <![CDATA[Unable to locate element: *[name='HomeValue1']
For documentation on this error, please visit: https://www.seleniumhq.org/exceptions/no_such_element.html
Build info: version: '3.141.59', revision: 'e82be7d358', time: '2018-11-14T08:17:03'
System info: host: 'DESKTOP-1NB2K1E', ip: '10.1.10.9', os.name: 'Windows 10', os.arch: 'amd64', os.version: '10.0', java.version: '1.8.0_191'
Driver info: org.openqa.selenium.firefox.FirefoxDriver
Capabilities {acceptInsecureCerts: true, browserName: firefox, browserVersion: 72.0.1, javascriptEnabled: true, moz:accessibilityChecks: false, moz:buildID: 20200107212822, moz:geckodriverVersion: 0.26.0, moz:headless: false, moz:processID: 25008, moz:profile: C:\Users\Abdel\AppData\Loca..., moz:shutdownTimeout: 60000, moz:useNonSpecCompliantPointerOrigin: false, moz:webdriverClick: true, pageLoadStrategy: normal, platform: WINDOWS, platformName: WINDOWS, platformVersion: 10.0, rotatable: false, setWindowRect: true, strictFileInteractability: false, timeouts: {implicit: 0, pageLoad: 300000, script: 30000}, unhandledPromptBehavior: dismiss and notify}
Session ID: 39765181-595e-4a3d-b3e6-48a5a5368d9d
*** Element info: {Using=name, value=HomeValue1}]]>
            </message>
            <full-stacktrace>
              <![CDATA[org.openqa.selenium.NoSuchElementException: Unable to locate element: *[name='HomeValue1']
For documentation on this error, please visit: https://www.seleniumhq.org/exceptions/no_such_element.html
Build info: version: '3.141.59', revision: 'e82be7d358', time: '2018-11-14T08:17:03'
System info: host: 'DESKTOP-1NB2K1E', ip: '10.1.10.9', os.name: 'Windows 10', os.arch: 'amd64', os.version: '10.0', java.version: '1.8.0_191'
Driver info: org.openqa.selenium.firefox.FirefoxDriver
Capabilities {acceptInsecureCerts: true, browserName: firefox, browserVersion: 72.0.1, javascriptEnabled: true, moz:accessibilityChecks: false, moz:buildID: 20200107212822, moz:geckodriverVersion: 0.26.0, moz:headless: false, moz:processID: 25008, moz:profile: C:\Users\Abdel\AppData\Loca..., moz:shutdownTimeout: 60000, moz:useNonSpecCompliantPointerOrigin: false, moz:webdriverClick: true, pageLoadStrategy: normal, platform: WINDOWS, platformName: WINDOWS, platformVersion: 10.0, rotatable: false, setWindowRect: true, strictFileInteractability: false, timeouts: {implicit: 0, pageLoad: 300000, script: 30000}, unhandledPromptBehavior: dismiss and notify}
Session ID: 39765181-595e-4a3d-b3e6-48a5a5368d9d
*** Element info: {Using=name, value=HomeValue1}
at sun.reflect.NativeConstructorAccessorImpl.newInstance0(Native Method)
at sun.reflect.NativeConstructorAccessorImpl.newInstance(NativeConstructorAccessorImpl.java:62)
at sun.reflect.DelegatingConstructorAccessorImpl.newInstance(DelegatingConstructorAccessorImpl.java:45)
at java.lang.reflect.Constructor.newInstance(Constructor.java:423)
at org.openqa.selenium.remote.http.W3CHttpResponseCodec.createException(W3CHttpResponseCodec.java:187)
at org.openqa.selenium.remote.http.W3CHttpResponseCodec.decode(W3CHttpResponseCodec.java:122)
at org.openqa.selenium.remote.http.W3CHttpResponseCodec.decode(W3CHttpResponseCodec.java:49)
at org.openqa.selenium.remote.HttpCommandExecutor.execute(HttpCommandExecutor.java:158)
at org.openqa.selenium.remote.service.DriverCommandExecutor.execute(DriverCommandExecutor.java:83)
at org.openqa.selenium.remote.RemoteWebDriver.execute(RemoteWebDriver.java:552)
at org.openqa.selenium.remote.RemoteWebDriver.findElement(RemoteWebDriver.java:323)
at org.openqa.selenium.remote.RemoteWebDriver.findElementByName(RemoteWebDriver.java:404)
at org.openqa.selenium.By$ByName.findElement(By.java:284)
at org.openqa.selenium.remote.RemoteWebDriver.findElement(RemoteWebDriver.java:315)
at Pages.Refinance.Originalhomeval(Refinance.java:10)
at com.mortgagecalc.TestRefinanceClass.testHomeoriginalval1(TestRefinanceClass.java:27)
at sun.reflect.NativeMethodAccessorImpl.invoke0(Native Method)
at sun.reflect.NativeMethodAccessorImpl.invoke(NativeMethodAccessorImpl.java:62)
at sun.reflect.DelegatingMethodAccessorImpl.invoke(DelegatingMethodAccessorImpl.java:43)
at java.lang.reflect.Method.invoke(Method.java:498)
at org.testng.internal.MethodInvocationHelper.invokeMethod(MethodInvocationHelper.java:134)
at org.testng.internal.TestInvoker.invokeMethod(TestInvoker.java:597)
at org.testng.internal.TestInvoker.invokeTestMethod(TestInvoker.java:173)
at org.testng.internal.MethodRunner.runInSequence(MethodRunner.java:46)
at org.testng.internal.TestInvoker$MethodInvocationAgent.invoke(TestInvoker.java:816)
at org.testng.internal.TestInvoker.invokeTestMethods(TestInvoker.java:146)
at org.testng.internal.TestMethodWorker.invokeTestMethods(TestMethodWorker.java:146)
at org.testng.internal.TestMethodWorker.run(TestMethodWorker.java:128)
at java.util.ArrayList.forEach(ArrayList.java:1257)
at org.testng.TestRunner.privateRun(TestRunner.java:766)
at org.testng.TestRunner.run(TestRunner.java:587)
at org.testng.SuiteRunner.runTest(SuiteRunner.java:384)
at org.testng.SuiteRunner.runSequentially(SuiteRunner.java:378)
at org.testng.SuiteRunner.privateRun(SuiteRunner.java:337)
at org.testng.SuiteRunner.run(SuiteRunner.java:286)
at org.testng.SuiteRunnerWorker.runSuite(SuiteRunnerWorker.java:53)
at org.testng.SuiteRunnerWorker.run(SuiteRunnerWorker.java:96)
at org.testng.TestNG.runSuitesSequentially(TestNG.java:1187)
at org.testng.TestNG.runSuitesLocally(TestNG.java:1109)
at org.testng.TestNG.runSuites(TestNG.java:1039)
at org.testng.TestNG.run(TestNG.java:1007)
at org.testng.remote.AbstractRemoteTestNG.run(AbstractRemoteTestNG.java:115)
at org.testng.remote.RemoteTestNG.initAndRun(RemoteTestNG.java:251)
at org.testng.remote.RemoteTestNG.main(RemoteTestNG.java:77)
]]>
            </full-stacktrace>
          </exception> <!-- org.openqa.selenium.NoSuchElementException -->
          <reporter-output>
          </reporter-output>
        </test-method> <!-- testHomeoriginalval1 -->
        <test-method status="PASS" signature="Testcleanup()[pri:0, instance:com.mortgagecalc.TestRefinanceClass@71bbf57e]" name="Testcleanup" is-config="true" duration-ms="1119" started-at="2020-02-24T23:59:10 EST" finished-at="2020-02-24T23:59:11 EST">
          <reporter-output>
          </reporter-output>
        </test-method> <!-- Testcleanup -->
      </class> <!-- com.mortgagecalc.TestRefinanceClass -->
      <class name="com.mortgagecalc.testHome">
        <test-method status="PASS" signature="abefrotestmethod()[pri:0, instance:com.mortgagecalc.testHome@711f39f9]" name="abefrotestmethod" is-config="true" duration-ms="0" started-at="2020-02-24T23:58:41 EST" finished-at="2020-02-24T23:58:41 EST">
          <reporter-output>
          </reporter-output>
        </test-method> <!-- abefrotestmethod -->
        <test-method status="PASS" signature="abbefrotestmethod()[pri:0, instance:com.mortgagecalc.testHome@711f39f9]" name="abbefrotestmethod" is-config="true" duration-ms="0" started-at="2020-02-24T23:58:41 EST" finished-at="2020-02-24T23:58:41 EST">
          <reporter-output>
          </reporter-output>
        </test-method> <!-- abbefrotestmethod -->
        <test-method status="PASS" signature="setupTest()[pri:0, instance:com.mortgagecalc.testHome@711f39f9]" name="setupTest" is-config="true" duration-ms="6683" started-at="2020-02-24T23:58:41 EST" finished-at="2020-02-24T23:58:48 EST">
          <reporter-output>
          </reporter-output>
        </test-method> <!-- setupTest -->
        <test-method status="PASS" signature="testHomeval1()[pri:1, instance:com.mortgagecalc.testHome@711f39f9]" name="testHomeval1" duration-ms="1193" started-at="2020-02-24T23:58:48 EST" finished-at="2020-02-24T23:58:49 EST">
          <reporter-output>
          </reporter-output>
        </test-method> <!-- testHomeval1 -->
        <test-method status="PASS" signature="Testcleanup()[pri:0, instance:com.mortgagecalc.testHome@711f39f9]" name="Testcleanup" is-config="true" duration-ms="96" started-at="2020-02-24T23:58:49 EST" finished-at="2020-02-24T23:58:49 EST">
          <reporter-output>
          </reporter-output>
        </test-method> <!-- Testcleanup -->
        <test-method status="PASS" signature="setupTest()[pri:0, instance:com.mortgagecalc.testHome@711f39f9]" name="setupTest" is-config="true" duration-ms="5698" started-at="2020-02-24T23:58:49 EST" finished-at="2020-02-24T23:58:55 EST">
          <reporter-output>
          </reporter-output>
        </test-method> <!-- setupTest -->
        <test-method status="PASS" signature="testHomeval()[pri:2, instance:com.mortgagecalc.testHome@711f39f9]" name="testHomeval" duration-ms="115" started-at="2020-02-24T23:58:55 EST" finished-at="2020-02-24T23:58:55 EST">
          <reporter-output>
          </reporter-output>
        </test-method> <!-- testHomeval -->
        <test-method status="PASS" signature="Testcleanup()[pri:0, instance:com.mortgagecalc.testHome@711f39f9]" name="Testcleanup" is-config="true" duration-ms="4425" started-at="2020-02-24T23:58:55 EST" finished-at="2020-02-24T23:58:59 EST">
          <reporter-output>
          </reporter-output>
        </test-method> <!-- Testcleanup -->
        <test-method status="PASS" signature="Aftertestmethod()[pri:0, instance:com.mortgagecalc.testHome@711f39f9]" name="Aftertestmethod" is-config="true" duration-ms="0" started-at="2020-02-24T23:59:11 EST" finished-at="2020-02-24T23:59:11 EST">
          <reporter-output>
          </reporter-output>
        </test-method> <!-- Aftertestmethod -->
      </class> <!-- com.mortgagecalc.testHome -->
    </test> <!-- Test -->
  </suite> <!-- Suite -->
</testng-results>
